2024-04-25 00:50:18.2048|0|WARN|Hangfire.Server.ServerHeartbeatProcess|Server zarpach:13891:e9b62994 was considered dead by other servers, restarting... |url: |action: |Hangfire.AspNetCore.AspNetCoreLog.Log| body: 
2024-04-25 00:50:18.6016|0|WARN|Hangfire.Server.BackgroundServerProcess|Server zarpach:13891:e9b62994 stopped non-gracefully due to ServerWatchdog, ServerJobCancellationWatcher, ExpirationManager, CountersAggregator, Worker, DelayedJobScheduler, RecurringJobScheduler. Outstanding work on those dispatchers could be aborted, and there can be delays in background processing. This server instance will be incorrectly shown as active for a while. To avoid non-graceful shutdowns, investigate what prevents from stopping gracefully and add CancellationToken support for those methods. |url: |action: |Hangfire.AspNetCore.AspNetCoreLog.Log| body: 
2024-04-25 03:37:15.4927|0|WARN|Hangfire.Server.ServerHeartbeatProcess|Server zarpach:13891:473785a7 was considered dead by other servers, restarting... |url: |action: |Hangfire.AspNetCore.AspNetCoreLog.Log| body: 
2024-04-25 03:37:15.7279|0|WARN|Hangfire.Server.BackgroundServerProcess|Server zarpach:13891:473785a7 stopped non-gracefully due to Worker. Outstanding work on those dispatchers could be aborted, and there can be delays in background processing. This server instance will be incorrectly shown as active for a while. To avoid non-graceful shutdowns, investigate what prevents from stopping gracefully and add CancellationToken support for those methods. |url: |action: |Hangfire.AspNetCore.AspNetCoreLog.Log| body: 
2024-04-25 06:40:18.5083|0|WARN|iuca.Web.Configurations.AttendanceParsingJob|Attendance Parsing Job running. |url: |action: |iuca.Web.Configurations.AttendanceParsingJob.Execute| body: 
2024-04-25 06:40:18.7536|0|ERROR|iuca.Web.Configurations.AttendanceParsingJob|Attendance Parsing Job failed. System.Exception: Settings not found
   at iuca.Application.Services.Common.EnvarSettingService.GetCurrentSemester(Int32 organizationId) in /Users/admin/Projects/IUCA.Copy/iuca/iuca.Core/Services/Common/EnvarSettingService.cs:line 129
   at iuca.Web.Configurations.AttendanceParsingJob.Execute() in /Users/admin/Projects/IUCA.Copy/iuca/iuca.Web/Configurations/AttendanceParsingJob.cs:line 29|url: |action: |iuca.Web.Configurations.AttendanceParsingJob.Execute| body: 
2024-04-25 08:42:41.4157|0|WARN|Hangfire.Server.ServerHeartbeatProcess|Server zarpach:13891:24f4cc95 was considered dead by other servers, restarting... |url: |action: |Hangfire.AspNetCore.AspNetCoreLog.Log| body: 
2024-04-25 08:42:41.7783|0|WARN|Hangfire.Server.BackgroundServerProcess|Server zarpach:13891:24f4cc95 stopped non-gracefully due to Worker. Outstanding work on those dispatchers could be aborted, and there can be delays in background processing. This server instance will be incorrectly shown as active for a while. To avoid non-graceful shutdowns, investigate what prevents from stopping gracefully and add CancellationToken support for those methods. |url: |action: |Hangfire.AspNetCore.AspNetCoreLog.Log| body: 
2024-04-25 18:02:24.8664|0|WARN|Hangfire.Server.ServerHeartbeatProcess|Server zarpach:13891:b5e20bd9 was considered dead by other servers, restarting... |url: |action: |Hangfire.AspNetCore.AspNetCoreLog.Log| body: 
2024-04-25 18:02:25.1439|0|WARN|Hangfire.Server.BackgroundServerProcess|Server zarpach:13891:b5e20bd9 stopped non-gracefully due to Worker. Outstanding work on those dispatchers could be aborted, and there can be delays in background processing. This server instance will be incorrectly shown as active for a while. To avoid non-graceful shutdowns, investigate what prevents from stopping gracefully and add CancellationToken support for those methods. |url: |action: |Hangfire.AspNetCore.AspNetCoreLog.Log| body: 
2024-04-25 20:08:57.0400|14|INFO|Microsoft.Hosting.Lifetime|Now listening on: https://localhost:2222 |url: |action: |Microsoft.AspNetCore.Hosting.GenericWebHostService.StartAsync| body: 
2024-04-25 20:08:57.0586|14|INFO|Microsoft.Hosting.Lifetime|Now listening on: http://localhost:2221 |url: |action: |Microsoft.AspNetCore.Hosting.GenericWebHostService.StartAsync| body: 
2024-04-25 20:08:57.1173|0|INFO|Microsoft.Hosting.Lifetime|Application started. Press Ctrl+C to shut down. |url: |action: |Microsoft.Extensions.Hosting.Internal.ConsoleLifetime.OnApplicationStarted| body: 
2024-04-25 20:08:57.1208|0|INFO|Microsoft.Hosting.Lifetime|Hosting environment: Development |url: |action: |Microsoft.Extensions.Hosting.Internal.ConsoleLifetime.OnApplicationStarted| body: 
2024-04-25 20:08:57.1238|0|INFO|Microsoft.Hosting.Lifetime|Content root path: /Users/admin/Projects/IUCA.Copy/iuca/iuca.Web |url: |action: |Microsoft.Extensions.Hosting.Internal.ConsoleLifetime.OnApplicationStarted| body: 
2024-04-25 20:12:41.3928|14|INFO|Microsoft.Hosting.Lifetime|Now listening on: https://localhost:2222 |url: |action: |Microsoft.AspNetCore.Hosting.GenericWebHostService.StartAsync| body: 
2024-04-25 20:12:41.4332|14|INFO|Microsoft.Hosting.Lifetime|Now listening on: http://localhost:2221 |url: |action: |Microsoft.AspNetCore.Hosting.GenericWebHostService.StartAsync| body: 
2024-04-25 20:12:41.4926|0|INFO|Microsoft.Hosting.Lifetime|Application started. Press Ctrl+C to shut down. |url: |action: |Microsoft.Extensions.Hosting.Internal.ConsoleLifetime.OnApplicationStarted| body: 
2024-04-25 20:12:41.4960|0|INFO|Microsoft.Hosting.Lifetime|Hosting environment: Development |url: |action: |Microsoft.Extensions.Hosting.Internal.ConsoleLifetime.OnApplicationStarted| body: 
2024-04-25 20:12:41.4988|0|INFO|Microsoft.Hosting.Lifetime|Content root path: /Users/admin/Projects/IUCA.Copy/iuca/iuca.Web |url: |action: |Microsoft.Extensions.Hosting.Internal.ConsoleLifetime.OnApplicationStarted| body: 
2024-04-25 21:04:28.7142|3|ERROR|Microsoft.AspNetCore.Mvc.ViewFeatures.ViewResultExecutor|The view 'Index' was not found. Searched locations: /Views/Organizations/Index.cshtml, /Views/Shared/Index.cshtml |url: |action: |Microsoft.AspNetCore.Mvc.ViewFeatures.ViewResultExecutor.FindView| body: 
2024-04-25 21:04:28.7411|1|ERROR|Microsoft.AspNetCore.Diagnostics.DeveloperExceptionPageMiddleware|An unhandled exception has occurred while executing the request. System.InvalidOperationException: The view 'Index' was not found. The following locations were searched:
/Views/Organizations/Index.cshtml
/Views/Shared/Index.cshtml
   at Microsoft.AspNetCore.Mvc.ViewEngines.ViewEngineResult.EnsureSuccessful(IEnumerable`1 originalLocations)
   at Microsoft.AspNetCore.Mvc.ViewFeatures.ViewResultExecutor.ExecuteAsync(ActionContext context, ViewResult result)
   at Microsoft.AspNetCore.Mvc.ViewResult.ExecuteResultAsync(ActionContext context)
   at Microsoft.AspNetCore.Mvc.Infrastructure.ResourceInvoker.<InvokeNextResultFilterAsync>g__Awaited|30_0[TFilter,TFilterAsync](ResourceInvoker invoker, Task lastTask, State next, Scope scope, Object state, Boolean isCompleted)
   at Microsoft.AspNetCore.Mvc.Infrastructure.ResourceInvoker.Rethrow(ResultExecutedContextSealed context)
   at Microsoft.AspNetCore.Mvc.Infrastructure.ResourceInvoker.ResultNext[TFilter,TFilterAsync](State& next, Scope& scope, Object& state, Boolean& isCompleted)
   at Microsoft.AspNetCore.Mvc.Infrastructure.ResourceInvoker.InvokeResultFilters()
--- End of stack trace from previous location ---
   at Microsoft.AspNetCore.Mvc.Infrastructure.ResourceInvoker.<InvokeNextResourceFilter>g__Awaited|25_0(ResourceInvoker invoker, Task lastTask, State next, Scope scope, Object state, Boolean isCompleted)
   at Microsoft.AspNetCore.Mvc.Infrastructure.ResourceInvoker.Rethrow(ResourceExecutedContextSealed context)
   at Microsoft.AspNetCore.Mvc.Infrastructure.ResourceInvoker.Next(State& next, Scope& scope, Object& state, Boolean& isCompleted)
   at Microsoft.AspNetCore.Mvc.Infrastructure.ResourceInvoker.InvokeFilterPipelineAsync()
--- End of stack trace from previous location ---
   at Microsoft.AspNetCore.Mvc.Infrastructure.ResourceInvoker.<InvokeAsync>g__Awaited|17_0(ResourceInvoker invoker, Task task, IDisposable scope)
   at Microsoft.AspNetCore.Mvc.Infrastructure.ResourceInvoker.<InvokeAsync>g__Awaited|17_0(ResourceInvoker invoker, Task task, IDisposable scope)
   at Microsoft.AspNetCore.Routing.EndpointMiddleware.<Invoke>g__AwaitRequestTask|6_0(Endpoint endpoint, Task requestTask, ILogger logger)
   at Microsoft.AspNetCore.Authorization.Policy.AuthorizationMiddlewareResultHandler.HandleAsync(RequestDelegate next, HttpContext context, AuthorizationPolicy policy, PolicyAuthorizationResult authorizeResult)
   at Microsoft.AspNetCore.Authorization.AuthorizationMiddleware.Invoke(HttpContext context)
   at Microsoft.AspNetCore.Authentication.AuthenticationMiddleware.Invoke(HttpContext context)
   at Microsoft.AspNetCore.Diagnostics.DeveloperExceptionPageMiddleware.Invoke(HttpContext context)|url: |action: |Microsoft.AspNetCore.Diagnostics.DiagnosticsLoggerExtensions.UnhandledException| body: 
2024-04-25 23:41:02.6065|14|INFO|Microsoft.Hosting.Lifetime|Now listening on: https://localhost:2222 |url: |action: |Microsoft.AspNetCore.Hosting.GenericWebHostService.StartAsync| body: 
2024-04-25 23:41:02.6230|14|INFO|Microsoft.Hosting.Lifetime|Now listening on: http://localhost:2221 |url: |action: |Microsoft.AspNetCore.Hosting.GenericWebHostService.StartAsync| body: 
2024-04-25 23:41:02.6802|0|INFO|Microsoft.Hosting.Lifetime|Application started. Press Ctrl+C to shut down. |url: |action: |Microsoft.Extensions.Hosting.Internal.ConsoleLifetime.OnApplicationStarted| body: 
2024-04-25 23:41:02.6837|0|INFO|Microsoft.Hosting.Lifetime|Hosting environment: Development |url: |action: |Microsoft.Extensions.Hosting.Internal.ConsoleLifetime.OnApplicationStarted| body: 
2024-04-25 23:41:02.6864|0|INFO|Microsoft.Hosting.Lifetime|Content root path: /Users/admin/Projects/IUCA.Copy/iuca/iuca.Web |url: |action: |Microsoft.Extensions.Hosting.Internal.ConsoleLifetime.OnApplicationStarted| body: 
