2024-05-21 02:58:24.7639|14|INFO|Microsoft.Hosting.Lifetime|Now listening on: https://localhost:2222 |url: |action: |Microsoft.AspNetCore.Hosting.GenericWebHostService.StartAsync| body: 
2024-05-21 02:58:24.8106|14|INFO|Microsoft.Hosting.Lifetime|Now listening on: http://localhost:2221 |url: |action: |Microsoft.AspNetCore.Hosting.GenericWebHostService.StartAsync| body: 
2024-05-21 02:58:24.8694|0|INFO|Microsoft.Hosting.Lifetime|Application started. Press Ctrl+C to shut down. |url: |action: |Microsoft.Extensions.Hosting.Internal.ConsoleLifetime.OnApplicationStarted| body: 
2024-05-21 02:58:24.8730|0|INFO|Microsoft.Hosting.Lifetime|Hosting environment: Development |url: |action: |Microsoft.Extensions.Hosting.Internal.ConsoleLifetime.OnApplicationStarted| body: 
2024-05-21 02:58:24.8756|0|INFO|Microsoft.Hosting.Lifetime|Content root path: /Users/admin/Projects/IUCA.Copy/iuca/iuca.Web |url: |action: |Microsoft.Extensions.Hosting.Internal.ConsoleLifetime.OnApplicationStarted| body: 
2024-05-21 03:39:14.7534|0|WARN|Hangfire.Server.ServerHeartbeatProcess|Server zarpach:14744:d8e284ab was considered dead by other servers, restarting... |url: |action: |Hangfire.AspNetCore.AspNetCoreLog.Log| body: 
2024-05-21 03:39:14.9756|0|WARN|Hangfire.Server.BackgroundServerProcess|Server zarpach:14744:d8e284ab stopped non-gracefully due to ServerWatchdog, ServerJobCancellationWatcher, ExpirationManager, CountersAggregator, Worker, DelayedJobScheduler, RecurringJobScheduler. Outstanding work on those dispatchers could be aborted, and there can be delays in background processing. This server instance will be incorrectly shown as active for a while. To avoid non-graceful shutdowns, investigate what prevents from stopping gracefully and add CancellationToken support for those methods. |url: |action: |Hangfire.AspNetCore.AspNetCoreLog.Log| body: 
2024-05-21 04:35:42.4787|14|INFO|Microsoft.Hosting.Lifetime|Now listening on: http://0.0.0.0:2222 |url: |action: |Microsoft.AspNetCore.Hosting.GenericWebHostService.StartAsync| body: 
2024-05-21 04:35:42.4946|14|INFO|Microsoft.Hosting.Lifetime|Now listening on: https://0.0.0.0:2220 |url: |action: |Microsoft.AspNetCore.Hosting.GenericWebHostService.StartAsync| body: 
2024-05-21 04:35:42.5382|0|INFO|Microsoft.Hosting.Lifetime|Application started. Press Ctrl+C to shut down. |url: |action: |Microsoft.Extensions.Hosting.Internal.ConsoleLifetime.OnApplicationStarted| body: 
2024-05-21 04:35:42.5411|0|INFO|Microsoft.Hosting.Lifetime|Hosting environment: Development |url: |action: |Microsoft.Extensions.Hosting.Internal.ConsoleLifetime.OnApplicationStarted| body: 
2024-05-21 04:35:42.5436|0|INFO|Microsoft.Hosting.Lifetime|Content root path: /Users/admin/Projects/IUCA.Copy/iuca/iuca.Web |url: |action: |Microsoft.Extensions.Hosting.Internal.ConsoleLifetime.OnApplicationStarted| body: 
2024-05-21 04:43:41.5070|14|INFO|Microsoft.Hosting.Lifetime|Now listening on: http://0.0.0.0:2222 |url: |action: |Microsoft.AspNetCore.Hosting.GenericWebHostService.StartAsync| body: 
2024-05-21 04:43:41.5291|14|INFO|Microsoft.Hosting.Lifetime|Now listening on: https://0.0.0.0:2220 |url: |action: |Microsoft.AspNetCore.Hosting.GenericWebHostService.StartAsync| body: 
2024-05-21 04:43:41.5747|0|INFO|Microsoft.Hosting.Lifetime|Application started. Press Ctrl+C to shut down. |url: |action: |Microsoft.Extensions.Hosting.Internal.ConsoleLifetime.OnApplicationStarted| body: 
2024-05-21 04:43:41.5867|0|INFO|Microsoft.Hosting.Lifetime|Hosting environment: Development |url: |action: |Microsoft.Extensions.Hosting.Internal.ConsoleLifetime.OnApplicationStarted| body: 
2024-05-21 04:43:41.5896|0|INFO|Microsoft.Hosting.Lifetime|Content root path: /Users/admin/Projects/IUCA.Copy/iuca/iuca.Web |url: |action: |Microsoft.Extensions.Hosting.Internal.ConsoleLifetime.OnApplicationStarted| body: 
2024-05-21 04:45:22.9891|14|INFO|Microsoft.Hosting.Lifetime|Now listening on: https://localhost:5000 |url: |action: |Microsoft.AspNetCore.Hosting.GenericWebHostService.StartAsync| body: 
2024-05-21 04:45:23.0040|14|INFO|Microsoft.Hosting.Lifetime|Now listening on: https://0.0.0.0:5001 |url: |action: |Microsoft.AspNetCore.Hosting.GenericWebHostService.StartAsync| body: 
2024-05-21 04:45:23.0068|14|INFO|Microsoft.Hosting.Lifetime|Now listening on: https://192.168.0.105:5000 |url: |action: |Microsoft.AspNetCore.Hosting.GenericWebHostService.StartAsync| body: 
2024-05-21 04:45:23.0655|0|INFO|Microsoft.Hosting.Lifetime|Application started. Press Ctrl+C to shut down. |url: |action: |Microsoft.Extensions.Hosting.Internal.ConsoleLifetime.OnApplicationStarted| body: 
2024-05-21 04:45:23.0690|0|INFO|Microsoft.Hosting.Lifetime|Hosting environment: Development |url: |action: |Microsoft.Extensions.Hosting.Internal.ConsoleLifetime.OnApplicationStarted| body: 
2024-05-21 04:45:23.0719|0|INFO|Microsoft.Hosting.Lifetime|Content root path: /Users/admin/Projects/IUCA.Copy/iuca/iuca.Web |url: |action: |Microsoft.Extensions.Hosting.Internal.ConsoleLifetime.OnApplicationStarted| body: 
2024-05-21 05:57:02.8943|0|WARN|Hangfire.Server.ServerHeartbeatProcess|Server zarpach:19565:7770e91f was considered dead by other servers, restarting... |url: |action: |Hangfire.AspNetCore.AspNetCoreLog.Log| body: 
2024-05-21 05:57:03.1551|0|WARN|Hangfire.Server.BackgroundServerProcess|Server zarpach:19565:7770e91f stopped non-gracefully due to ServerWatchdog, ServerJobCancellationWatcher, ExpirationManager, CountersAggregator, Worker, DelayedJobScheduler, RecurringJobScheduler. Outstanding work on those dispatchers could be aborted, and there can be delays in background processing. This server instance will be incorrectly shown as active for a while. To avoid non-graceful shutdowns, investigate what prevents from stopping gracefully and add CancellationToken support for those methods. |url: |action: |Hangfire.AspNetCore.AspNetCoreLog.Log| body: 
2024-05-21 06:12:59.5677|0|WARN|iuca.Web.Configurations.AttendanceParsingJob|Attendance Parsing Job running. |url: |action: |iuca.Web.Configurations.AttendanceParsingJob.Execute| body: 
2024-05-21 06:12:59.7819|0|ERROR|iuca.Web.Configurations.AttendanceParsingJob|Attendance Parsing Job failed. System.Exception: Settings not found
   at iuca.Application.Services.Common.EnvarSettingService.GetCurrentSemester(Int32 organizationId) in /Users/admin/Projects/IUCA.Copy/iuca/iuca.Core/Services/Common/EnvarSettingService.cs:line 129
   at iuca.Web.Configurations.AttendanceParsingJob.Execute() in /Users/admin/Projects/IUCA.Copy/iuca/iuca.Web/Configurations/AttendanceParsingJob.cs:line 29|url: |action: |iuca.Web.Configurations.AttendanceParsingJob.Execute| body: 
2024-05-21 07:17:59.2645|0|WARN|Hangfire.Server.ServerHeartbeatProcess|Server zarpach:19565:7dc96bd9 was considered dead by other servers, restarting... |url: |action: |Hangfire.AspNetCore.AspNetCoreLog.Log| body: 
2024-05-21 07:17:59.4513|0|WARN|Hangfire.Server.BackgroundServerProcess|Server zarpach:19565:7dc96bd9 stopped non-gracefully due to ServerWatchdog, ExpirationManager, CountersAggregator, Worker, DelayedJobScheduler. Outstanding work on those dispatchers could be aborted, and there can be delays in background processing. This server instance will be incorrectly shown as active for a while. To avoid non-graceful shutdowns, investigate what prevents from stopping gracefully and add CancellationToken support for those methods. |url: |action: |Hangfire.AspNetCore.AspNetCoreLog.Log| body: 
2024-05-21 08:43:03.8319|0|WARN|Hangfire.Server.ServerHeartbeatProcess|Server zarpach:19565:0476c19a was considered dead by other servers, restarting... |url: |action: |Hangfire.AspNetCore.AspNetCoreLog.Log| body: 
2024-05-21 08:43:03.8911|0|WARN|Hangfire.Server.BackgroundServerProcess|Server zarpach:19565:0476c19a stopped non-gracefully due to ServerWatchdog, ServerJobCancellationWatcher, Worker, DelayedJobScheduler, RecurringJobScheduler. Outstanding work on those dispatchers could be aborted, and there can be delays in background processing. This server instance will be incorrectly shown as active for a while. To avoid non-graceful shutdowns, investigate what prevents from stopping gracefully and add CancellationToken support for those methods. |url: |action: |Hangfire.AspNetCore.AspNetCoreLog.Log| body: 
2024-05-21 11:29:54.5646|0|WARN|Hangfire.Server.ServerHeartbeatProcess|Server zarpach:19565:c67caae9 was considered dead by other servers, restarting... |url: |action: |Hangfire.AspNetCore.AspNetCoreLog.Log| body: 
2024-05-21 11:29:55.0515|0|WARN|Hangfire.Server.BackgroundServerProcess|Server zarpach:19565:c67caae9 stopped non-gracefully due to Worker, RecurringJobScheduler. Outstanding work on those dispatchers could be aborted, and there can be delays in background processing. This server instance will be incorrectly shown as active for a while. To avoid non-graceful shutdowns, investigate what prevents from stopping gracefully and add CancellationToken support for those methods. |url: |action: |Hangfire.AspNetCore.AspNetCoreLog.Log| body: 
2024-05-21 12:59:15.9975|0|WARN|Hangfire.Server.ServerHeartbeatProcess|Server zarpach:19565:0e837bb9 was considered dead by other servers, restarting... |url: |action: |Hangfire.AspNetCore.AspNetCoreLog.Log| body: 
2024-05-21 12:59:16.1515|0|WARN|Hangfire.Server.BackgroundServerProcess|Server zarpach:19565:0e837bb9 stopped non-gracefully due to ExpirationManager, Worker, DelayedJobScheduler, RecurringJobScheduler. Outstanding work on those dispatchers could be aborted, and there can be delays in background processing. This server instance will be incorrectly shown as active for a while. To avoid non-graceful shutdowns, investigate what prevents from stopping gracefully and add CancellationToken support for those methods. |url: |action: |Hangfire.AspNetCore.AspNetCoreLog.Log| body: 
2024-05-21 14:32:41.4845|0|WARN|Hangfire.Server.ServerHeartbeatProcess|Server zarpach:19565:e0fa2e46 was considered dead by other servers, restarting... |url: |action: |Hangfire.AspNetCore.AspNetCoreLog.Log| body: 
2024-05-21 14:32:41.5562|0|WARN|Hangfire.Server.BackgroundServerProcess|Server zarpach:19565:e0fa2e46 stopped non-gracefully due to ServerWatchdog, ServerJobCancellationWatcher, Worker, DelayedJobScheduler, RecurringJobScheduler. Outstanding work on those dispatchers could be aborted, and there can be delays in background processing. This server instance will be incorrectly shown as active for a while. To avoid non-graceful shutdowns, investigate what prevents from stopping gracefully and add CancellationToken support for those methods. |url: |action: |Hangfire.AspNetCore.AspNetCoreLog.Log| body: 
2024-05-21 19:46:39.3555|14|INFO|Microsoft.Hosting.Lifetime|Now listening on: https://localhost:5000 |url: |action: |Microsoft.AspNetCore.Hosting.GenericWebHostService.StartAsync| body: 
2024-05-21 19:46:39.3769|14|INFO|Microsoft.Hosting.Lifetime|Now listening on: https://0.0.0.0:5001 |url: |action: |Microsoft.AspNetCore.Hosting.GenericWebHostService.StartAsync| body: 
2024-05-21 19:46:39.3802|14|INFO|Microsoft.Hosting.Lifetime|Now listening on: https://192.168.0.105:5000 |url: |action: |Microsoft.AspNetCore.Hosting.GenericWebHostService.StartAsync| body: 
2024-05-21 19:46:39.4524|0|INFO|Microsoft.Hosting.Lifetime|Application started. Press Ctrl+C to shut down. |url: |action: |Microsoft.Extensions.Hosting.Internal.ConsoleLifetime.OnApplicationStarted| body: 
2024-05-21 19:46:39.4575|0|INFO|Microsoft.Hosting.Lifetime|Hosting environment: Development |url: |action: |Microsoft.Extensions.Hosting.Internal.ConsoleLifetime.OnApplicationStarted| body: 
2024-05-21 19:46:39.4606|0|INFO|Microsoft.Hosting.Lifetime|Content root path: /Users/admin/Projects/IUCA.Copy/iuca/iuca.Web |url: |action: |Microsoft.Extensions.Hosting.Internal.ConsoleLifetime.OnApplicationStarted| body: 
2024-05-21 19:58:05.0322|14|INFO|Microsoft.Hosting.Lifetime|Now listening on: https://localhost:2222 |url: |action: |Microsoft.AspNetCore.Hosting.GenericWebHostService.StartAsync| body: 
2024-05-21 19:58:05.0770|14|INFO|Microsoft.Hosting.Lifetime|Now listening on: http://localhost:2221 |url: |action: |Microsoft.AspNetCore.Hosting.GenericWebHostService.StartAsync| body: 
2024-05-21 19:58:05.1605|0|INFO|Microsoft.Hosting.Lifetime|Application started. Press Ctrl+C to shut down. |url: |action: |Microsoft.Extensions.Hosting.Internal.ConsoleLifetime.OnApplicationStarted| body: 
2024-05-21 19:58:05.1641|0|INFO|Microsoft.Hosting.Lifetime|Hosting environment: Development |url: |action: |Microsoft.Extensions.Hosting.Internal.ConsoleLifetime.OnApplicationStarted| body: 
2024-05-21 19:58:05.1669|0|INFO|Microsoft.Hosting.Lifetime|Content root path: /Users/admin/Projects/IUCA.Copy/iuca/iuca.Web |url: |action: |Microsoft.Extensions.Hosting.Internal.ConsoleLifetime.OnApplicationStarted| body: 
2024-05-21 20:16:09.5393|14|INFO|Microsoft.Hosting.Lifetime|Now listening on: https://localhost:2222 |url: |action: |Microsoft.AspNetCore.Hosting.GenericWebHostService.StartAsync| body: 
2024-05-21 20:16:09.5574|14|INFO|Microsoft.Hosting.Lifetime|Now listening on: http://localhost:2221 |url: |action: |Microsoft.AspNetCore.Hosting.GenericWebHostService.StartAsync| body: 
2024-05-21 20:16:09.6139|0|INFO|Microsoft.Hosting.Lifetime|Application started. Press Ctrl+C to shut down. |url: |action: |Microsoft.Extensions.Hosting.Internal.ConsoleLifetime.OnApplicationStarted| body: 
2024-05-21 20:16:09.6178|0|INFO|Microsoft.Hosting.Lifetime|Hosting environment: Development |url: |action: |Microsoft.Extensions.Hosting.Internal.ConsoleLifetime.OnApplicationStarted| body: 
2024-05-21 20:16:09.6207|0|INFO|Microsoft.Hosting.Lifetime|Content root path: /Users/admin/Projects/IUCA.Copy/iuca/iuca.Web |url: |action: |Microsoft.Extensions.Hosting.Internal.ConsoleLifetime.OnApplicationStarted| body: 
2024-05-21 20:25:16.8773|14|INFO|Microsoft.Hosting.Lifetime|Now listening on: https://localhost:5000 |url: |action: |Microsoft.AspNetCore.Hosting.GenericWebHostService.StartAsync| body: 
2024-05-21 20:25:16.8920|14|INFO|Microsoft.Hosting.Lifetime|Now listening on: https://0.0.0.0:5001 |url: |action: |Microsoft.AspNetCore.Hosting.GenericWebHostService.StartAsync| body: 
2024-05-21 20:25:16.8947|14|INFO|Microsoft.Hosting.Lifetime|Now listening on: https://192.168.0.105:5002 |url: |action: |Microsoft.AspNetCore.Hosting.GenericWebHostService.StartAsync| body: 
2024-05-21 20:25:16.9494|0|INFO|Microsoft.Hosting.Lifetime|Application started. Press Ctrl+C to shut down. |url: |action: |Microsoft.Extensions.Hosting.Internal.ConsoleLifetime.OnApplicationStarted| body: 
2024-05-21 20:25:16.9525|0|INFO|Microsoft.Hosting.Lifetime|Hosting environment: Development |url: |action: |Microsoft.Extensions.Hosting.Internal.ConsoleLifetime.OnApplicationStarted| body: 
2024-05-21 20:25:16.9551|0|INFO|Microsoft.Hosting.Lifetime|Content root path: /Users/admin/Projects/IUCA.Copy/iuca/iuca.Web |url: |action: |Microsoft.Extensions.Hosting.Internal.ConsoleLifetime.OnApplicationStarted| body: 
2024-05-21 20:34:17.7746|14|INFO|Microsoft.Hosting.Lifetime|Now listening on: https://localhost:5000 |url: |action: |Microsoft.AspNetCore.Hosting.GenericWebHostService.StartAsync| body: 
2024-05-21 20:34:17.7896|14|INFO|Microsoft.Hosting.Lifetime|Now listening on: https://0.0.0.0:5001 |url: |action: |Microsoft.AspNetCore.Hosting.GenericWebHostService.StartAsync| body: 
2024-05-21 20:34:17.8143|14|INFO|Microsoft.Hosting.Lifetime|Now listening on: https://127.0.0.1:5002 |url: |action: |Microsoft.AspNetCore.Hosting.GenericWebHostService.StartAsync| body: 
2024-05-21 20:34:17.8716|0|INFO|Microsoft.Hosting.Lifetime|Application started. Press Ctrl+C to shut down. |url: |action: |Microsoft.Extensions.Hosting.Internal.ConsoleLifetime.OnApplicationStarted| body: 
2024-05-21 20:34:17.8749|0|INFO|Microsoft.Hosting.Lifetime|Hosting environment: Development |url: |action: |Microsoft.Extensions.Hosting.Internal.ConsoleLifetime.OnApplicationStarted| body: 
2024-05-21 20:34:17.8778|0|INFO|Microsoft.Hosting.Lifetime|Content root path: /Users/admin/Projects/IUCA.Copy/iuca/iuca.Web |url: |action: |Microsoft.Extensions.Hosting.Internal.ConsoleLifetime.OnApplicationStarted| body: 
2024-05-21 20:38:37.5451|14|INFO|Microsoft.Hosting.Lifetime|Now listening on: https://localhost:2222 |url: |action: |Microsoft.AspNetCore.Hosting.GenericWebHostService.StartAsync| body: 
2024-05-21 20:38:37.5604|14|INFO|Microsoft.Hosting.Lifetime|Now listening on: http://localhost:2221 |url: |action: |Microsoft.AspNetCore.Hosting.GenericWebHostService.StartAsync| body: 
2024-05-21 20:38:37.6459|0|INFO|Microsoft.Hosting.Lifetime|Application started. Press Ctrl+C to shut down. |url: |action: |Microsoft.Extensions.Hosting.Internal.ConsoleLifetime.OnApplicationStarted| body: 
2024-05-21 20:38:37.6495|0|INFO|Microsoft.Hosting.Lifetime|Hosting environment: Development |url: |action: |Microsoft.Extensions.Hosting.Internal.ConsoleLifetime.OnApplicationStarted| body: 
2024-05-21 20:38:37.6523|0|INFO|Microsoft.Hosting.Lifetime|Content root path: /Users/admin/Projects/IUCA.Copy/iuca/iuca.Web |url: |action: |Microsoft.Extensions.Hosting.Internal.ConsoleLifetime.OnApplicationStarted| body: 
