2024-06-26 06:34:52.6931|0|WARN|iuca.Web.Configurations.AttendanceParsingJob|Attendance Parsing Job running. |url: |action: |iuca.Web.Configurations.AttendanceParsingJob.Execute| body: 
2024-06-26 06:34:52.7924|0|ERROR|iuca.Web.Configurations.AttendanceParsingJob|Attendance Parsing Job failed. System.Exception: Settings not found
   at iuca.Application.Services.Common.EnvarSettingService.GetCurrentSemester(Int32 organizationId) in /Users/admin/Projects/IUCA.Copy/iuca/iuca.Core/Services/Common/EnvarSettingService.cs:line 129
   at iuca.Web.Configurations.AttendanceParsingJob.Execute() in /Users/admin/Projects/IUCA.Copy/iuca/iuca.Web/Configurations/AttendanceParsingJob.cs:line 29|url: |action: |iuca.Web.Configurations.AttendanceParsingJob.Execute| body: 
2024-06-26 23:33:00.5680|14|INFO|Microsoft.Hosting.Lifetime|Now listening on: https://localhost:2222 |url: |action: |Microsoft.AspNetCore.Hosting.GenericWebHostService.StartAsync| body: 
2024-06-26 23:33:00.6082|14|INFO|Microsoft.Hosting.Lifetime|Now listening on: http://localhost:2221 |url: |action: |Microsoft.AspNetCore.Hosting.GenericWebHostService.StartAsync| body: 
2024-06-26 23:33:00.6957|0|INFO|Microsoft.Hosting.Lifetime|Application started. Press Ctrl+C to shut down. |url: |action: |Microsoft.Extensions.Hosting.Internal.ConsoleLifetime.OnApplicationStarted| body: 
2024-06-26 23:33:00.6992|0|INFO|Microsoft.Hosting.Lifetime|Hosting environment: Development |url: |action: |Microsoft.Extensions.Hosting.Internal.ConsoleLifetime.OnApplicationStarted| body: 
2024-06-26 23:33:00.7017|0|INFO|Microsoft.Hosting.Lifetime|Content root path: /Users/admin/Projects/IUCA.Copy/iuca/iuca.Web |url: |action: |Microsoft.Extensions.Hosting.Internal.ConsoleLifetime.OnApplicationStarted| body: 
2024-06-26 23:43:31.1165|1|ERROR|Microsoft.AspNetCore.Diagnostics.DeveloperExceptionPageMiddleware|An unhandled exception has occurred while executing the request. System.ArgumentNullException: Value cannot be null. (Parameter 'input')
   at System.Guid.Parse(String input)
   at iuca.Application.Services.Slots.SlotService.SwapSlots(String draggedId, String droppedOnId, Int32 newLessonPeriod, Int32 newDepartmentGroupId) in /Users/admin/Projects/IUCA.Copy/iuca/iuca.Core/Services/Slots/SlotService.cs:line 182
   at iuca.Web.Controllers.SlotsController.SwapSlots(String draggedId, String droppedOnId, Int32 newLessonPeriod, Int32 newDepartmentGroupId) in /Users/admin/Projects/IUCA.Copy/iuca/iuca.Web/Controllers/SlotsController.cs:line 149
   at lambda_method2329(Closure , Object , Object[] )
   at Microsoft.AspNetCore.Mvc.Infrastructure.ActionMethodExecutor.SyncActionResultExecutor.Execute(IActionResultTypeMapper mapper, ObjectMethodExecutor executor, Object controller, Object[] arguments)
   at Microsoft.AspNetCore.Mvc.Infrastructure.ControllerActionInvoker.InvokeActionMethodAsync()
   at Microsoft.AspNetCore.Mvc.Infrastructure.ControllerActionInvoker.Next(State& next, Scope& scope, Object& state, Boolean& isCompleted)
   at Microsoft.AspNetCore.Mvc.Infrastructure.ControllerActionInvoker.InvokeNextActionFilterAsync()
--- End of stack trace from previous location ---
   at Microsoft.AspNetCore.Mvc.Infrastructure.ControllerActionInvoker.Rethrow(ActionExecutedContextSealed context)
   at Microsoft.AspNetCore.Mvc.Infrastructure.ControllerActionInvoker.Next(State& next, Scope& scope, Object& state, Boolean& isCompleted)
   at Microsoft.AspNetCore.Mvc.Infrastructure.ControllerActionInvoker.InvokeInnerFilterAsync()
--- End of stack trace from previous location ---
   at Microsoft.AspNetCore.Mvc.Infrastructure.ResourceInvoker.<InvokeNextResourceFilter>g__Awaited|25_0(ResourceInvoker invoker, Task lastTask, State next, Scope scope, Object state, Boolean isCompleted)
   at Microsoft.AspNetCore.Mvc.Infrastructure.ResourceInvoker.Rethrow(ResourceExecutedContextSealed context)
   at Microsoft.AspNetCore.Mvc.Infrastructure.ResourceInvoker.Next(State& next, Scope& scope, Object& state, Boolean& isCompleted)
   at Microsoft.AspNetCore.Mvc.Infrastructure.ResourceInvoker.InvokeFilterPipelineAsync()
--- End of stack trace from previous location ---
   at Microsoft.AspNetCore.Mvc.Infrastructure.ResourceInvoker.<InvokeAsync>g__Awaited|17_0(ResourceInvoker invoker, Task task, IDisposable scope)
   at Microsoft.AspNetCore.Mvc.Infrastructure.ResourceInvoker.<InvokeAsync>g__Awaited|17_0(ResourceInvoker invoker, Task task, IDisposable scope)
   at Microsoft.AspNetCore.Routing.EndpointMiddleware.<Invoke>g__AwaitRequestTask|6_0(Endpoint endpoint, Task requestTask, ILogger logger)
   at Microsoft.AspNetCore.Authorization.Policy.AuthorizationMiddlewareResultHandler.HandleAsync(RequestDelegate next, HttpContext context, AuthorizationPolicy policy, PolicyAuthorizationResult authorizeResult)
   at Microsoft.AspNetCore.Authorization.AuthorizationMiddleware.Invoke(HttpContext context)
   at Microsoft.AspNetCore.Authentication.AuthenticationMiddleware.Invoke(HttpContext context)
   at Microsoft.AspNetCore.Diagnostics.DeveloperExceptionPageMiddleware.Invoke(HttpContext context)|url: |action: |Microsoft.AspNetCore.Diagnostics.DiagnosticsLoggerExtensions.UnhandledException| body: 
2024-06-26 23:44:31.3915|3|ERROR|Microsoft.AspNetCore.Mvc.ViewFeatures.ViewResultExecutor|The view 'SwapSlots' was not found. Searched locations: /Views/Slots/SwapSlots.cshtml, /Views/Shared/SwapSlots.cshtml |url: |action: |Microsoft.AspNetCore.Mvc.ViewFeatures.ViewResultExecutor.FindView| body: 
2024-06-26 23:44:31.4148|1|ERROR|Microsoft.AspNetCore.Diagnostics.DeveloperExceptionPageMiddleware|An unhandled exception has occurred while executing the request. System.InvalidOperationException: The view 'SwapSlots' was not found. The following locations were searched:
/Views/Slots/SwapSlots.cshtml
/Views/Shared/SwapSlots.cshtml
   at Microsoft.AspNetCore.Mvc.ViewEngines.ViewEngineResult.EnsureSuccessful(IEnumerable`1 originalLocations)
   at Microsoft.AspNetCore.Mvc.ViewFeatures.ViewResultExecutor.ExecuteAsync(ActionContext context, ViewResult result)
   at Microsoft.AspNetCore.Mvc.ViewResult.ExecuteResultAsync(ActionContext context)
   at Microsoft.AspNetCore.Mvc.Infrastructure.ResourceInvoker.<InvokeNextResultFilterAsync>g__Awaited|30_0[TFilter,TFilterAsync](ResourceInvoker invoker, Task lastTask, State next, Scope scope, Object state, Boolean isCompleted)
   at Microsoft.AspNetCore.Mvc.Infrastructure.ResourceInvoker.Rethrow(ResultExecutedContextSealed context)
   at Microsoft.AspNetCore.Mvc.Infrastructure.ResourceInvoker.ResultNext[TFilter,TFilterAsync](State& next, Scope& scope, Object& state, Boolean& isCompleted)
   at Microsoft.AspNetCore.Mvc.Infrastructure.ResourceInvoker.InvokeResultFilters()
--- End of stack trace from previous location ---
   at Microsoft.AspNetCore.Mvc.Infrastructure.ResourceInvoker.<InvokeNextResourceFilter>g__Awaited|25_0(ResourceInvoker invoker, Task lastTask, State next, Scope scope, Object state, Boolean isCompleted)
   at Microsoft.AspNetCore.Mvc.Infrastructure.ResourceInvoker.Rethrow(ResourceExecutedContextSealed context)
   at Microsoft.AspNetCore.Mvc.Infrastructure.ResourceInvoker.Next(State& next, Scope& scope, Object& state, Boolean& isCompleted)
   at Microsoft.AspNetCore.Mvc.Infrastructure.ResourceInvoker.InvokeFilterPipelineAsync()
--- End of stack trace from previous location ---
   at Microsoft.AspNetCore.Mvc.Infrastructure.ResourceInvoker.<InvokeAsync>g__Awaited|17_0(ResourceInvoker invoker, Task task, IDisposable scope)
   at Microsoft.AspNetCore.Mvc.Infrastructure.ResourceInvoker.<InvokeAsync>g__Awaited|17_0(ResourceInvoker invoker, Task task, IDisposable scope)
   at Microsoft.AspNetCore.Routing.EndpointMiddleware.<Invoke>g__AwaitRequestTask|6_0(Endpoint endpoint, Task requestTask, ILogger logger)
   at Microsoft.AspNetCore.Authorization.Policy.AuthorizationMiddlewareResultHandler.HandleAsync(RequestDelegate next, HttpContext context, AuthorizationPolicy policy, PolicyAuthorizationResult authorizeResult)
   at Microsoft.AspNetCore.Authorization.AuthorizationMiddleware.Invoke(HttpContext context)
   at Microsoft.AspNetCore.Authentication.AuthenticationMiddleware.Invoke(HttpContext context)
   at Microsoft.AspNetCore.Diagnostics.DeveloperExceptionPageMiddleware.Invoke(HttpContext context)|url: |action: |Microsoft.AspNetCore.Diagnostics.DiagnosticsLoggerExtensions.UnhandledException| body: 
2024-06-26 23:49:02.3654|14|INFO|Microsoft.Hosting.Lifetime|Now listening on: https://localhost:2222 |url: |action: |Microsoft.AspNetCore.Hosting.GenericWebHostService.StartAsync| body: 
2024-06-26 23:49:02.3797|14|INFO|Microsoft.Hosting.Lifetime|Now listening on: http://localhost:2221 |url: |action: |Microsoft.AspNetCore.Hosting.GenericWebHostService.StartAsync| body: 
2024-06-26 23:49:02.4358|0|INFO|Microsoft.Hosting.Lifetime|Application started. Press Ctrl+C to shut down. |url: |action: |Microsoft.Extensions.Hosting.Internal.ConsoleLifetime.OnApplicationStarted| body: 
2024-06-26 23:49:02.4390|0|INFO|Microsoft.Hosting.Lifetime|Hosting environment: Development |url: |action: |Microsoft.Extensions.Hosting.Internal.ConsoleLifetime.OnApplicationStarted| body: 
2024-06-26 23:49:02.4415|0|INFO|Microsoft.Hosting.Lifetime|Content root path: /Users/admin/Projects/IUCA.Copy/iuca/iuca.Web |url: |action: |Microsoft.Extensions.Hosting.Internal.ConsoleLifetime.OnApplicationStarted| body: 
2024-06-26 23:49:37.9901|3|ERROR|Microsoft.AspNetCore.Mvc.ViewFeatures.ViewResultExecutor|The view 'SwapSlots' was not found. Searched locations: /Views/Slots/SwapSlots.cshtml, /Views/Shared/SwapSlots.cshtml |url: |action: |Microsoft.AspNetCore.Mvc.ViewFeatures.ViewResultExecutor.FindView| body: 
2024-06-26 23:49:38.0196|1|ERROR|Microsoft.AspNetCore.Diagnostics.DeveloperExceptionPageMiddleware|An unhandled exception has occurred while executing the request. System.InvalidOperationException: The view 'SwapSlots' was not found. The following locations were searched:
/Views/Slots/SwapSlots.cshtml
/Views/Shared/SwapSlots.cshtml
   at Microsoft.AspNetCore.Mvc.ViewEngines.ViewEngineResult.EnsureSuccessful(IEnumerable`1 originalLocations)
   at Microsoft.AspNetCore.Mvc.ViewFeatures.ViewResultExecutor.ExecuteAsync(ActionContext context, ViewResult result)
   at Microsoft.AspNetCore.Mvc.ViewResult.ExecuteResultAsync(ActionContext context)
   at Microsoft.AspNetCore.Mvc.Infrastructure.ResourceInvoker.<InvokeNextResultFilterAsync>g__Awaited|30_0[TFilter,TFilterAsync](ResourceInvoker invoker, Task lastTask, State next, Scope scope, Object state, Boolean isCompleted)
   at Microsoft.AspNetCore.Mvc.Infrastructure.ResourceInvoker.Rethrow(ResultExecutedContextSealed context)
   at Microsoft.AspNetCore.Mvc.Infrastructure.ResourceInvoker.ResultNext[TFilter,TFilterAsync](State& next, Scope& scope, Object& state, Boolean& isCompleted)
   at Microsoft.AspNetCore.Mvc.Infrastructure.ResourceInvoker.InvokeResultFilters()
--- End of stack trace from previous location ---
   at Microsoft.AspNetCore.Mvc.Infrastructure.ResourceInvoker.<InvokeNextResourceFilter>g__Awaited|25_0(ResourceInvoker invoker, Task lastTask, State next, Scope scope, Object state, Boolean isCompleted)
   at Microsoft.AspNetCore.Mvc.Infrastructure.ResourceInvoker.Rethrow(ResourceExecutedContextSealed context)
   at Microsoft.AspNetCore.Mvc.Infrastructure.ResourceInvoker.Next(State& next, Scope& scope, Object& state, Boolean& isCompleted)
   at Microsoft.AspNetCore.Mvc.Infrastructure.ResourceInvoker.InvokeFilterPipelineAsync()
--- End of stack trace from previous location ---
   at Microsoft.AspNetCore.Mvc.Infrastructure.ResourceInvoker.<InvokeAsync>g__Awaited|17_0(ResourceInvoker invoker, Task task, IDisposable scope)
   at Microsoft.AspNetCore.Mvc.Infrastructure.ResourceInvoker.<InvokeAsync>g__Awaited|17_0(ResourceInvoker invoker, Task task, IDisposable scope)
   at Microsoft.AspNetCore.Routing.EndpointMiddleware.<Invoke>g__AwaitRequestTask|6_0(Endpoint endpoint, Task requestTask, ILogger logger)
   at Microsoft.AspNetCore.Authorization.Policy.AuthorizationMiddlewareResultHandler.HandleAsync(RequestDelegate next, HttpContext context, AuthorizationPolicy policy, PolicyAuthorizationResult authorizeResult)
   at Microsoft.AspNetCore.Authorization.AuthorizationMiddleware.Invoke(HttpContext context)
   at Microsoft.AspNetCore.Authentication.AuthenticationMiddleware.Invoke(HttpContext context)
   at Microsoft.AspNetCore.Diagnostics.DeveloperExceptionPageMiddleware.Invoke(HttpContext context)|url: |action: |Microsoft.AspNetCore.Diagnostics.DiagnosticsLoggerExtensions.UnhandledException| body: 
2024-06-26 23:58:01.8290|14|INFO|Microsoft.Hosting.Lifetime|Now listening on: https://localhost:2222 |url: |action: |Microsoft.AspNetCore.Hosting.GenericWebHostService.StartAsync| body: 
2024-06-26 23:58:01.8462|14|INFO|Microsoft.Hosting.Lifetime|Now listening on: http://localhost:2221 |url: |action: |Microsoft.AspNetCore.Hosting.GenericWebHostService.StartAsync| body: 
2024-06-26 23:58:01.9042|0|INFO|Microsoft.Hosting.Lifetime|Application started. Press Ctrl+C to shut down. |url: |action: |Microsoft.Extensions.Hosting.Internal.ConsoleLifetime.OnApplicationStarted| body: 
2024-06-26 23:58:01.9074|0|INFO|Microsoft.Hosting.Lifetime|Hosting environment: Development |url: |action: |Microsoft.Extensions.Hosting.Internal.ConsoleLifetime.OnApplicationStarted| body: 
2024-06-26 23:58:01.9101|0|INFO|Microsoft.Hosting.Lifetime|Content root path: /Users/admin/Projects/IUCA.Copy/iuca/iuca.Web |url: |action: |Microsoft.Extensions.Hosting.Internal.ConsoleLifetime.OnApplicationStarted| body: 
